Line 106: Class CSVList of control CSVListSires was not a loaded control class.
Line 124: Class CSVList of control CSVListDams was not a loaded control class.
Line 318: Class CSComboBox of control CSCombo5 was not a loaded control class.
Line 487: Class CSComboBox of control CSCombo4 was not a loaded control class.
Line 512: Class CSComboBox of control CSCombo3 was not a loaded control class.
Line 537: Class CSComboBox of control CSCombo2 was not a loaded control class.
Line 562: Class CSComboBox of control CSCombo1 was not a loaded control class.
Line 107: The property name AutoRecordCount in CSVListSires is invalid.
Line 109: The property name ColDelim in CSVListSires is invalid.
Line 110: The property name ColWidth in CSVListSires is invalid.
Line 112: The property name HScroll in CSVListSires is invalid.
Line 114: The property name ListCount in CSVListSires is invalid.
Line 115: The property name ListDataFields in CSVListSires is invalid.
Line 116: The property name ListDataSource in CSVListSires is invalid.
Line 117: The property name MultiSelect in CSVListSires is invalid.
Line 118: The property name ShadowColor in CSVListSires is invalid.
Line 121: The property name ValueCol in CSVListSires is invalid.
Line 125: The property name AutoRecordCount in CSVListDams is invalid.
Line 127: The property name ColDelim in CSVListDams is invalid.
Line 128: The property name ColWidth in CSVListDams is invalid.
Line 130: The property name HScroll in CSVListDams is invalid.
Line 132: The property name ListCount in CSVListDams is invalid.
Line 133: The property name ListDataFields in CSVListDams is invalid.
Line 134: The property name ListDataSource in CSVListDams is invalid.
Line 135: The property name MultiSelect in CSVListDams is invalid.
Line 136: The property name ShadowColor in CSVListDams is invalid.
Line 139: The property name ValueCol in CSVListDams is invalid.
Line 319: The property name AutoSearch in CSCombo5 is invalid.
Line 320: The property name BorderEffect in CSCombo5 is invalid.
Line 321: The property name ColDelim in CSCombo5 is invalid.
Line 322: The property name ColWidth in CSCombo5 is invalid.
Line 323: The property name Contents in CSCombo5 is invalid.
Line 324: The property name Dropped in CSCombo5 is invalid.
Line 326: The property name FoundIndex in CSCombo5 is invalid.
Line 329: The property name ListBoxHeight in CSCombo5 is invalid.
Line 330: The property name ListBoxWidth in CSCombo5 is invalid.
Line 331: The property name ListDataFields in CSCombo5 is invalid.
Line 332: The property name ListDataSource in CSCombo5 is invalid.
Line 333: The property name SearchString in CSCombo5 is invalid.
Line 334: The property name Sorted in CSCombo5 is invalid.
Line 335: The property name StartSearch in CSCombo5 is invalid.
Line 336: The property name Style in CSCombo5 is invalid.
Line 338: The property name TextDisplay in CSCombo5 is invalid.
Line 340: The property name ValueCol in CSCombo5 is invalid.
Line 488: The property name AutoSearch in CSCombo4 is invalid.
Line 489: The property name BorderEffect in CSCombo4 is invalid.
Line 490: The property name ColDelim in CSCombo4 is invalid.
Line 491: The property name ColWidth in CSCombo4 is invalid.
Line 492: The property name Contents in CSCombo4 is invalid.
Line 493: The property name Dropped in CSCombo4 is invalid.
Line 495: The property name FoundIndex in CSCombo4 is invalid.
Line 498: The property name ListBoxHeight in CSCombo4 is invalid.
Line 499: The property name ListBoxWidth in CSCombo4 is invalid.
Line 500: The property name ListDataFields in CSCombo4 is invalid.
Line 501: The property name ListDataSource in CSCombo4 is invalid.
Line 502: The property name SearchString in CSCombo4 is invalid.
Line 503: The property name Sorted in CSCombo4 is invalid.
Line 504: The property name StartSearch in CSCombo4 is invalid.
Line 505: The property name Style in CSCombo4 is invalid.
Line 507: The property name TextDisplay in CSCombo4 is invalid.
Line 509: The property name ValueCol in CSCombo4 is invalid.
Line 513: The property name AutoSearch in CSCombo3 is invalid.
Line 514: The property name BorderEffect in CSCombo3 is invalid.
Line 515: The property name ColDelim in CSCombo3 is invalid.
Line 516: The property name ColWidth in CSCombo3 is invalid.
Line 517: The property name Contents in CSCombo3 is invalid.
Line 518: The property name Dropped in CSCombo3 is invalid.
Line 520: The property name FoundIndex in CSCombo3 is invalid.
Line 523: The property name ListBoxHeight in CSCombo3 is invalid.
Line 524: The property name ListBoxWidth in CSCombo3 is invalid.
Line 525: The property name ListDataFields in CSCombo3 is invalid.
Line 526: The property name ListDataSource in CSCombo3 is invalid.
Line 527: The property name SearchString in CSCombo3 is invalid.
Line 528: The property name Sorted in CSCombo3 is invalid.
Line 529: The property name StartSearch in CSCombo3 is invalid.
Line 530: The property name Style in CSCombo3 is invalid.
Line 532: The property name TextDisplay in CSCombo3 is invalid.
Line 534: The property name ValueCol in CSCombo3 is invalid.
Line 538: The property name AutoSearch in CSCombo2 is invalid.
Line 539: The property name BorderEffect in CSCombo2 is invalid.
Line 540: The property name ColDelim in CSCombo2 is invalid.
Line 541: The property name ColWidth in CSCombo2 is invalid.
Line 542: The property name Contents in CSCombo2 is invalid.
Line 543: The property name Dropped in CSCombo2 is invalid.
Line 545: The property name FoundIndex in CSCombo2 is invalid.
Line 548: The property name ListBoxHeight in CSCombo2 is invalid.
Line 549: The property name ListBoxWidth in CSCombo2 is invalid.
Line 550: The property name ListDataFields in CSCombo2 is invalid.
Line 551: The property name ListDataSource in CSCombo2 is invalid.
Line 552: The property name SearchString in CSCombo2 is invalid.
Line 553: The property name Sorted in CSCombo2 is invalid.
Line 554: The property name StartSearch in CSCombo2 is invalid.
Line 555: The property name Style in CSCombo2 is invalid.
Line 557: The property name TextDisplay in CSCombo2 is invalid.
Line 559: The property name ValueCol in CSCombo2 is invalid.
Line 563: The property name AutoSearch in CSCombo1 is invalid.
Line 564: The property name BorderEffect in CSCombo1 is invalid.
Line 565: The property name ColDelim in CSCombo1 is invalid.
Line 566: The property name ColWidth in CSCombo1 is invalid.
Line 567: The property name Contents in CSCombo1 is invalid.
Line 568: The property name Dropped in CSCombo1 is invalid.
Line 570: The property name FoundIndex in CSCombo1 is invalid.
Line 573: The property name ListBoxHeight in CSCombo1 is invalid.
Line 574: The property name ListBoxWidth in CSCombo1 is invalid.
Line 575: The property name ListDataFields in CSCombo1 is invalid.
Line 576: The property name ListDataSource in CSCombo1 is invalid.
Line 577: The property name SearchString in CSCombo1 is invalid.
Line 578: The property name Sorted in CSCombo1 is invalid.
Line 579: The property name StartSearch in CSCombo1 is invalid.
Line 580: The property name Style in CSCombo1 is invalid.
Line 582: The property name TextDisplay in CSCombo1 is invalid.
Line 584: The property name ValueCol in CSCombo1 is invalid.
