Line 152: Class CSComboBox of control CSCombo3 was not a loaded control class.
Line 203: Class CSComboBox of control CSCombo2 was not a loaded control class.
Line 277: Class CSComboBox of control CSCombo1 was not a loaded control class.
Line 153: The property name AutoSearch in CSCombo3 is invalid.
Line 154: The property name BorderEffect in CSCombo3 is invalid.
Line 155: The property name ColDelim in CSCombo3 is invalid.
Line 156: The property name ColWidth in CSCombo3 is invalid.
Line 157: The property name Contents in CSCombo3 is invalid.
Line 158: The property name Dropped in CSCombo3 is invalid.
Line 159: The property name FoundIndex in CSCombo3 is invalid.
Line 162: The property name ListBoxHeight in CSCombo3 is invalid.
Line 163: The property name ListBoxWidth in CSCombo3 is invalid.
Line 164: The property name ListDataFields in CSCombo3 is invalid.
Line 165: The property name ListDataSource in CSCombo3 is invalid.
Line 166: The property name SearchString in CSCombo3 is invalid.
Line 167: The property name StartSearch in CSCombo3 is invalid.
Line 169: The property name Text in CSCombo3 is invalid.
Line 170: The property name TextDisplay in CSCombo3 is invalid.
Line 172: The property name ValueCol in CSCombo3 is invalid.
Line 204: The property name AutoSearch in CSCombo2 is invalid.
Line 205: The property name BorderEffect in CSCombo2 is invalid.
Line 206: The property name ColDelim in CSCombo2 is invalid.
Line 207: The property name ColWidth in CSCombo2 is invalid.
Line 208: The property name Contents in CSCombo2 is invalid.
Line 209: The property name Dropped in CSCombo2 is invalid.
Line 210: The property name FoundIndex in CSCombo2 is invalid.
Line 213: The property name ListBoxHeight in CSCombo2 is invalid.
Line 214: The property name ListBoxWidth in CSCombo2 is invalid.
Line 215: The property name ListDataFields in CSCombo2 is invalid.
Line 216: The property name ListDataSource in CSCombo2 is invalid.
Line 217: The property name SearchString in CSCombo2 is invalid.
Line 218: The property name StartSearch in CSCombo2 is invalid.
Line 220: The property name TextDisplay in CSCombo2 is invalid.
Line 222: The property name ValueCol in CSCombo2 is invalid.
Line 278: The property name AutoSearch in CSCombo1 is invalid.
Line 279: The property name BorderEffect in CSCombo1 is invalid.
Line 280: The property name ColDelim in CSCombo1 is invalid.
Line 281: The property name ColWidth in CSCombo1 is invalid.
Line 282: The property name Contents in CSCombo1 is invalid.
Line 283: The property name Dropped in CSCombo1 is invalid.
Line 284: The property name FoundIndex in CSCombo1 is invalid.
Line 287: The property name ListBoxHeight in CSCombo1 is invalid.
Line 288: The property name ListBoxWidth in CSCombo1 is invalid.
Line 289: The property name ListDataFields in CSCombo1 is invalid.
Line 290: The property name ListDataSource in CSCombo1 is invalid.
Line 291: The property name SearchString in CSCombo1 is invalid.
Line 292: The property name StartSearch in CSCombo1 is invalid.
Line 294: The property name Text in CSCombo1 is invalid.
Line 295: The property name TextDisplay in CSCombo1 is invalid.
Line 297: The property name ValueCol in CSCombo1 is invalid.
