Line 19: Class SSPanel of control Panel3D2 was not a loaded control class.
Line 86: Class SSFrame of control Frame3D2 was not a loaded control class.
Line 96: Class SSCommand of control CmdLstTeams was not a loaded control class.
Line 112: Class SSCommand of control Butt3DBreeding was not a loaded control class.
Line 128: Class SSCommand of control Butt3DRacing was not a loaded control class.
Line 143: Class SSCommand of control Butt3DExit was not a loaded control class.
Line 158: Class SSCommand of control Butt3DReports was not a loaded control class.
Line 173: Class SSCommand of control Butt3Contacts was not a loaded control class.
Line 190: Class SSPanel of control Panel3D4 was not a loaded control class.
Line 207: Class SSPanel of control Panel3D1 was not a loaded control class.
Line 218: Class SSFrame of control Frame3D1 was not a loaded control class.
Line 306: Class SSPanel of control MsgPanel was not a loaded control class.
Line 20: The property name BevelInner in Panel3D2 is invalid.
Line 21: The property name BevelOuter in Panel3D2 is invalid.
Line 22: The property name Font3D in Panel3D2 is invalid.
Line 87: The property name Caption in Frame3D2 is invalid.
Line 88: The property name Font3D in Frame3D2 is invalid.
Line 92: The property name ShadowStyle in Frame3D2 is invalid.
Line 97: The property name Caption in CmdLstTeams is invalid.
Line 98: The property name Font3D in CmdLstTeams is invalid.
Line 113: The property name Caption in Butt3DBreeding is invalid.
Line 114: The property name Font3D in Butt3DBreeding is invalid.
Line 129: The property name Caption in Butt3DRacing is invalid.
Line 130: The property name Font3D in Butt3DRacing is invalid.
Line 144: The property name Caption in Butt3DExit is invalid.
Line 145: The property name Font3D in Butt3DExit is invalid.
Line 159: The property name Caption in Butt3DReports is invalid.
Line 160: The property name Font3D in Butt3DReports is invalid.
Line 174: The property name Caption in Butt3Contacts is invalid.
Line 175: The property name Font3D in Butt3Contacts is invalid.
Line 191: The property name BevelInner in Panel3D4 is invalid.
Line 192: The property name Caption in Panel3D4 is invalid.
Line 193: The property name Font3D in Panel3D4 is invalid.
Line 208: The property name BevelInner in Panel3D1 is invalid.
Line 209: The property name Caption in Panel3D1 is invalid.
Line 210: The property name Font3D in Panel3D1 is invalid.
Line 219: The property name Caption in Frame3D1 is invalid.
Line 220: The property name Font3D in Frame3D1 is invalid.
Line 230: The property name ShadowStyle in Frame3D1 is invalid.
Line 307: The property name BevelInner in MsgPanel is invalid.
Line 308: The property name Font3D in MsgPanel is invalid.
