Line 116: Class CSComboBox of control CSCombo2 was not a loaded control class.
Line 225: Class CSComboBox of control CSCombo1 was not a loaded control class.
Line 117: The property name AutoSearch in CSCombo2 is invalid.
Line 118: The property name BorderEffect in CSCombo2 is invalid.
Line 119: The property name ColDelim in CSCombo2 is invalid.
Line 120: The property name ColWidth in CSCombo2 is invalid.
Line 121: The property name Contents in CSCombo2 is invalid.
Line 122: The property name Dropped in CSCombo2 is invalid.
Line 123: The property name FoundIndex in CSCombo2 is invalid.
Line 126: The property name ListBoxHeight in CSCombo2 is invalid.
Line 127: The property name ListBoxWidth in CSCombo2 is invalid.
Line 128: The property name ListDataFields in CSCombo2 is invalid.
Line 129: The property name ListDataSource in CSCombo2 is invalid.
Line 130: The property name SearchString in CSCombo2 is invalid.
Line 131: The property name StartSearch in CSCombo2 is invalid.
Line 132: The property name Style in CSCombo2 is invalid.
Line 134: The property name TextDisplay in CSCombo2 is invalid.
Line 136: The property name ValueCol in CSCombo2 is invalid.
Line 226: The property name AutoSearch in CSCombo1 is invalid.
Line 227: The property name BorderEffect in CSCombo1 is invalid.
Line 228: The property name ColDelim in CSCombo1 is invalid.
Line 229: The property name ColWidth in CSCombo1 is invalid.
Line 230: The property name Contents in CSCombo1 is invalid.
Line 232: The property name Dropped in CSCombo1 is invalid.
Line 233: The property name FoundIndex in CSCombo1 is invalid.
Line 236: The property name ListBoxHeight in CSCombo1 is invalid.
Line 237: The property name ListBoxWidth in CSCombo1 is invalid.
Line 238: The property name ListDataFields in CSCombo1 is invalid.
Line 239: The property name ListDataSource in CSCombo1 is invalid.
Line 240: The property name SearchString in CSCombo1 is invalid.
Line 241: The property name StartSearch in CSCombo1 is invalid.
Line 242: The property name Style in CSCombo1 is invalid.
Line 244: The property name TextDisplay in CSCombo1 is invalid.
Line 246: The property name ValueCol in CSCombo1 is invalid.
